
> frontend@0.1.2 build
> vite build

vite v7.1.9 building for production...
transforming...
✓ 2180 modules transformed.
rendering chunks...
computing gzip size...
dist/index.html                                            2.45 kB │ gzip:   0.94 kB
dist/assets/index-B53FqyJ3.css                            91.89 kB │ gzip:  15.84 kB
dist/assets/CareersPage-D21QaTAU.js                        0.24 kB │ gzip:   0.20 kB
dist/assets/ServicesPage-EjvUzOMa.js                       0.24 kB │ gzip:   0.20 kB
dist/assets/arrow-right-CWtLNoB-.js                        0.34 kB │ gzip:   0.26 kB
dist/assets/arrow-left-BHylyIjy.js                         0.34 kB │ gzip:   0.27 kB
dist/assets/search-BAqTmMiq.js                             0.34 kB │ gzip:   0.27 kB
dist/assets/clock-W1h1yrCj.js                              0.35 kB │ gzip:   0.27 kB
dist/assets/circle-check-big-BIToWI39.js                   0.36 kB │ gzip:   0.28 kB
dist/assets/lock-GsIl_blV.js                               0.37 kB │ gzip:   0.29 kB
dist/assets/trending-up-CPEzc71h.js                        0.38 kB │ gzip:   0.29 kB
dist/assets/credit-card-B4MpMXTB.js                        0.38 kB │ gzip:   0.29 kB
dist/assets/headphones-C9eENK0r.js                         0.41 kB │ gzip:   0.29 kB
dist/assets/globe-BPUqFk2C.js                              0.41 kB │ gzip:   0.29 kB
dist/assets/heart-ECrMOvAa.js                              0.41 kB │ gzip:   0.31 kB
dist/assets/database-CV_7X1Wf.js                           0.42 kB │ gzip:   0.31 kB
dist/assets/zap-NHPPaTYN.js                                0.44 kB │ gzip:   0.31 kB
dist/assets/file-check--JwnyYMl.js                         0.44 kB │ gzip:   0.30 kB
dist/assets/shield-CuHI_zkk.js                             0.44 kB │ gzip:   0.33 kB
dist/assets/chart-no-axes-column-increasing-DTFhLbOd.js    0.44 kB │ gzip:   0.30 kB
dist/assets/lightbulb-ON8IZjhE.js                          0.45 kB │ gzip:   0.33 kB
dist/assets/shopping-cart-BWAF0_qd.js                      0.46 kB │ gzip:   0.33 kB
dist/assets/users-B7SILV2Q.js                              0.48 kB │ gzip:   0.33 kB
dist/assets/truck-COByxDGO.js                              0.57 kB │ gzip:   0.37 kB
dist/assets/badge-CIjvFywR.js                              0.72 kB │ gzip:   0.38 kB
dist/assets/layers-Dzw4z9N1.js                             2.11 kB │ gzip:   0.69 kB
dist/assets/NotFoundPage-PxdAhupV.js                       3.07 kB │ gzip:   1.35 kB
dist/assets/IndustriesPage-DZVTv0l8.js                     3.49 kB │ gzip:   1.57 kB
dist/assets/CaseStudyDetailPage-DuBd5Ckg.js                3.56 kB │ gzip:   1.16 kB
dist/assets/CaseStudiesPage-v-62uFN6.js                    6.40 kB │ gzip:   1.78 kB
dist/assets/accordion-BEOYCCub.js                          6.54 kB │ gzip:   2.42 kB
dist/assets/AdminPage-B_1Ta0c_.js                          9.53 kB │ gzip:   2.48 kB
dist/assets/mockData-TmRo11Rp.js                           9.69 kB │ gzip:   3.97 kB
dist/assets/CustomDevelopmentPage-XSPLpcHl.js              9.79 kB │ gzip:   3.03 kB
dist/assets/AboutPage-BWFminQc.js                          9.95 kB │ gzip:   3.13 kB
dist/assets/CookiesPolicy-CqwaOAr6.js                     10.44 kB │ gzip:   3.13 kB
dist/assets/LogisticsPage-BWFMJwRK.js                     11.76 kB │ gzip:   3.36 kB
dist/assets/FintechPage-C6V2U6BY.js                       12.76 kB │ gzip:   3.53 kB
dist/assets/OutsourcingPage-CvH44T1z.js                   12.82 kB │ gzip:   3.99 kB
dist/assets/HealthcarePage-BXuJHieM.js                    13.35 kB │ gzip:   3.81 kB
dist/assets/PrivacyPage-6VPVdVSA.js                       13.57 kB │ gzip:   3.91 kB
dist/assets/EcommercePage-fXCFs4gM.js                     13.72 kB │ gzip:   3.69 kB
dist/assets/DPAPage-B_3n0Z-W.js                           14.19 kB │ gzip:   3.93 kB
dist/assets/DedicatedTeamsPage-D4vSBy2l.js                14.21 kB │ gzip:   4.40 kB
dist/assets/DiscoveryPage-ChVSGEKI.js                     18.54 kB │ gzip:   5.19 kB
dist/assets/SupportPage-B7dzphyO.js                       21.49 kB │ gzip:   6.07 kB
dist/assets/HomePage-x_iIC-kh.js                          48.27 kB │ gzip:  12.05 kB
dist/assets/checkbox-CfEAam-d.js                          53.48 kB │ gzip:  18.81 kB
dist/assets/ContactPage-v93MANyV.js                       75.08 kB │ gzip:  26.29 kB
dist/assets/index-iLuR1z-K.js                            594.89 kB │ gzip: 195.30 kB

(!) Some chunks are larger than 500 kB after minification. Consider:
- Using dynamic import() to code-split the application
- Use build.rollupOptions.output.manualChunks to improve chunking: https://rollupjs.org/configuration-options/#output-manualchunks
- Adjust chunk size limit for this warning via build.chunkSizeWarningLimit.
✓ built in 4.90s
