Traceback (most recent call last):
  File "<frozen runpy>", line 198, in _run_module_as_main
  File "<frozen runpy>", line 88, in _run_code
  File "/Users/oleksii/Documents/SOFTDAB/Website new/Git/softdab_new/.venv/lib/python3.13/site-packages/uvicorn/__main__.py", line 4, in <module>
    uvicorn.main()
    ~~~~~~~~~~~~^^
  File "/Users/oleksii/Documents/SOFTDAB/Website new/Git/softdab_new/.venv/lib/python3.13/site-packages/click/core.py", line 1462, in __call__
    return self.main(*args, **kwargs)
           ~~~~~~~~~^^^^^^^^^^^^^^^^^
  File "/Users/oleksii/Documents/SOFTDAB/Website new/Git/softdab_new/.venv/lib/python3.13/site-packages/click/core.py", line 1383, in main
    rv = self.invoke(ctx)
  File "/Users/oleksii/Documents/SOFTDAB/Website new/Git/softdab_new/.venv/lib/python3.13/site-packages/click/core.py", line 1246, in invoke
    return ctx.invoke(self.callback, **ctx.params)
           ~~~~~~~~~~^^^^^^^^^^^^^^^^^^^^^^^^^^^^^
  File "/Users/oleksii/Documents/SOFTDAB/Website new/Git/softdab_new/.venv/lib/python3.13/site-packages/click/core.py", line 814, in invoke
    return callback(*args, **kwargs)
  File "/Users/oleksii/Documents/SOFTDAB/Website new/Git/softdab_new/.venv/lib/python3.13/site-packages/uvicorn/main.py", line 416, in main
    run(
    ~~~^
        app,
        ^^^^
    ...<45 lines>...
        h11_max_incomplete_event_size=h11_max_incomplete_event_size,
        ^^^^^^^^^^^^^^^^^^^^^^^^^^^^^^^^^^^^^^^^^^^^^^^^^^^^^^^^^^^^
    )
    ^
  File "/Users/oleksii/Documents/SOFTDAB/Website new/Git/softdab_new/.venv/lib/python3.13/site-packages/uvicorn/main.py", line 587, in run
    server.run()
    ~~~~~~~~~~^^
  File "/Users/oleksii/Documents/SOFTDAB/Website new/Git/softdab_new/.venv/lib/python3.13/site-packages/uvicorn/server.py", line 61, in run
    return asyncio.run(self.serve(sockets=sockets))
           ~~~~~~~~~~~^^^^^^^^^^^^^^^^^^^^^^^^^^^^^
  File "/Library/Frameworks/Python.framework/Versions/3.13/lib/python3.13/asyncio/runners.py", line 195, in run
    return runner.run(main)
           ~~~~~~~~~~^^^^^^
  File "/Library/Frameworks/Python.framework/Versions/3.13/lib/python3.13/asyncio/runners.py", line 118, in run
    return self._loop.run_until_complete(task)
           ~~~~~~~~~~~~~~~~~~~~~~~~~~~~~^^^^^^
  File "/Library/Frameworks/Python.framework/Versions/3.13/lib/python3.13/asyncio/base_events.py", line 725, in run_until_complete
    return future.result()
           ~~~~~~~~~~~~~^^
  File "/Users/oleksii/Documents/SOFTDAB/Website new/Git/softdab_new/.venv/lib/python3.13/site-packages/uvicorn/server.py", line 68, in serve
    config.load()
    ~~~~~~~~~~~^^
  File "/Users/oleksii/Documents/SOFTDAB/Website new/Git/softdab_new/.venv/lib/python3.13/site-packages/uvicorn/config.py", line 467, in load
    self.loaded_app = import_from_string(self.app)
                      ~~~~~~~~~~~~~~~~~~^^^^^^^^^^
  File "/Users/oleksii/Documents/SOFTDAB/Website new/Git/softdab_new/.venv/lib/python3.13/site-packages/uvicorn/importer.py", line 24, in import_from_string
    raise exc from None
  File "/Users/oleksii/Documents/SOFTDAB/Website new/Git/softdab_new/.venv/lib/python3.13/site-packages/uvicorn/importer.py", line 21, in import_from_string
    module = importlib.import_module(module_str)
  File "/Library/Frameworks/Python.framework/Versions/3.13/lib/python3.13/importlib/__init__.py", line 88, in import_module
    return _bootstrap._gcd_import(name[level:], package, level)
           ~~~~~~~~~~~~~~~~~~~~~~^^^^^^^^^^^^^^^^^^^^^^^^^^^^^^
  File "<frozen importlib._bootstrap>", line 1387, in _gcd_import
  File "<frozen importlib._bootstrap>", line 1360, in _find_and_load
  File "<frozen importlib._bootstrap>", line 1331, in _find_and_load_unlocked
  File "<frozen importlib._bootstrap>", line 935, in _load_unlocked
  File "<frozen importlib._bootstrap_external>", line 1026, in exec_module
  File "<frozen importlib._bootstrap>", line 488, in _call_with_frames_removed
  File "/Users/oleksii/Documents/SOFTDAB/Website new/Git/softdab_new/backend/server.py", line 11, in <module>
    from database import init_database, close_database
ModuleNotFoundError: No module named 'database'
